<?xml version="1.0" encoding="UTF-8"?>
<coverage generated="1559012632535" clover="3.2.0">
  <project timestamp="1559012632535" name="All files">
    <metrics statements="104" coveredstatements="84" conditionals="59" coveredconditionals="35" methods="56" coveredmethods="33" elements="219" coveredelements="152" complexity="0" loc="104" ncloc="104" packages="2" files="8" classes="8"/>
    <package name="src">
      <metrics statements="1" coveredstatements="0" conditionals="0" coveredconditionals="0" methods="0" coveredmethods="0"/>
      <file name="index.jsx" path="/home/umairnadeem/Documents/hack reactor/gits/trade-panel/client/src/index.jsx">
        <metrics statements="1" coveredstatements="0" conditionals="0" coveredconditionals="0" methods="0" coveredmethods="0"/>
        <line num="5" count="0" type="stmt"/>
      </file>
    </package>
    <package name="src.components">
      <metrics statements="103" coveredstatements="84" conditionals="59" coveredconditionals="35" methods="56" coveredmethods="33"/>
      <file name="Icon.jsx" path="/home/umairnadeem/Documents/hack reactor/gits/trade-panel/client/src/components/Icon.jsx">
        <metrics statements="2" coveredstatements="2" conditionals="0" coveredconditionals="0" methods="1" coveredmethods="1"/>
        <line num="3" count="1" type="stmt"/>
        <line num="4" count="16" type="stmt"/>
      </file>
      <file name="Options.jsx" path="/home/umairnadeem/Documents/hack reactor/gits/trade-panel/client/src/components/Options.jsx">
        <metrics statements="18" coveredstatements="17" conditionals="18" coveredconditionals="11" methods="4" coveredmethods="4"/>
        <line num="5" count="1" type="stmt"/>
        <line num="6" count="1" type="stmt"/>
        <line num="7" count="1" type="stmt"/>
        <line num="8" count="1" type="stmt"/>
        <line num="9" count="1" type="cond" truecount="1" falsecount="1"/>
        <line num="10" count="1" type="stmt"/>
        <line num="11" count="1" type="cond" truecount="2" falsecount="2"/>
        <line num="12" count="1" type="cond" truecount="3" falsecount="1"/>
        <line num="15" count="1" type="stmt"/>
        <line num="16" count="56" type="cond" truecount="3" falsecount="1"/>
        <line num="18" count="24" type="stmt"/>
        <line num="19" count="1" type="cond" truecount="1" falsecount="1"/>
        <line num="20" count="1" type="cond" truecount="1" falsecount="1"/>
        <line num="23" count="26" type="stmt"/>
        <line num="25" count="6" type="stmt"/>
        <line num="27" count="0" type="stmt"/>
        <line num="31" count="1" type="stmt"/>
        <line num="32" count="56" type="stmt"/>
      </file>
      <file name="OrderTypes.jsx" path="/home/umairnadeem/Documents/hack reactor/gits/trade-panel/client/src/components/OrderTypes.jsx">
        <metrics statements="13" coveredstatements="12" conditionals="6" coveredconditionals="4" methods="12" coveredmethods="7"/>
        <line num="8" count="4" type="stmt"/>
        <line num="9" count="4" type="stmt"/>
        <line num="13" count="4" type="stmt"/>
        <line num="17" count="0" type="stmt"/>
        <line num="21" count="1" type="cond" truecount="2" falsecount="2"/>
        <line num="22" count="1" type="stmt"/>
        <line num="27" count="10" type="stmt"/>
        <line num="28" count="15" type="stmt"/>
        <line num="33" count="40" type="cond" truecount="2" falsecount="0"/>
        <line num="34" count="3" type="stmt"/>
        <line num="35" count="3" type="stmt"/>
        <line num="44" count="2" type="stmt"/>
        <line num="51" count="2" type="stmt"/>
      </file>
      <file name="Select.jsx" path="/home/umairnadeem/Documents/hack reactor/gits/trade-panel/client/src/components/Select.jsx">
        <metrics statements="15" coveredstatements="12" conditionals="8" coveredconditionals="4" methods="10" coveredmethods="6"/>
        <line num="5" count="1" type="stmt"/>
        <line num="10" count="1" type="stmt"/>
        <line num="13" count="6" type="cond" truecount="1" falsecount="1"/>
        <line num="18" count="6" type="cond" truecount="1" falsecount="1"/>
        <line num="19" count="6" type="cond" truecount="1" falsecount="1"/>
        <line num="30" count="3" type="stmt"/>
        <line num="31" count="3" type="stmt"/>
        <line num="36" count="3" type="stmt"/>
        <line num="37" count="3" type="stmt"/>
        <line num="38" count="3" type="stmt"/>
        <line num="42" count="0" type="stmt"/>
        <line num="46" count="0" type="stmt"/>
        <line num="50" count="0" type="stmt"/>
        <line num="54" count="6" type="stmt"/>
        <line num="55" count="9" type="stmt"/>
      </file>
      <file name="TradePanel.jsx" path="/home/umairnadeem/Documents/hack reactor/gits/trade-panel/client/src/components/TradePanel.jsx">
        <metrics statements="31" coveredstatements="29" conditionals="18" coveredconditionals="15" methods="15" coveredmethods="13"/>
        <line num="10" count="8" type="stmt"/>
        <line num="12" count="8" type="stmt"/>
        <line num="22" count="8" type="stmt"/>
        <line num="23" count="8" type="stmt"/>
        <line num="24" count="8" type="stmt"/>
        <line num="25" count="8" type="stmt"/>
        <line num="26" count="8" type="stmt"/>
        <line num="30" count="8" type="stmt"/>
        <line num="31" count="8" type="cond" truecount="1" falsecount="1"/>
        <line num="32" count="8" type="cond" truecount="1" falsecount="1"/>
        <line num="33" count="0" type="stmt"/>
        <line num="35" count="8" type="stmt"/>
        <line num="39" count="9" type="stmt"/>
        <line num="40" count="9" type="stmt"/>
        <line num="41" count="9" type="stmt"/>
        <line num="42" count="0" type="stmt"/>
        <line num="46" count="5" type="stmt"/>
        <line num="50" count="3" type="stmt"/>
        <line num="54" count="62" type="cond" truecount="2" falsecount="0"/>
        <line num="55" count="62" type="cond" truecount="4" falsecount="0"/>
        <line num="58" count="25" type="stmt"/>
        <line num="60" count="4" type="stmt"/>
        <line num="62" count="33" type="stmt"/>
        <line num="67" count="1" type="cond" truecount="1" falsecount="1"/>
        <line num="68" count="1" type="stmt"/>
        <line num="72" count="27" type="stmt"/>
        <line num="73" count="27" type="stmt"/>
        <line num="80" count="28" type="cond" truecount="2" falsecount="0"/>
        <line num="86" count="62" type="stmt"/>
        <line num="97" count="1" type="stmt"/>
        <line num="98" count="1" type="stmt"/>
      </file>
      <file name="Values.jsx" path="/home/umairnadeem/Documents/hack reactor/gits/trade-panel/client/src/components/Values.jsx">
        <metrics statements="14" coveredstatements="2" conditionals="8" coveredconditionals="0" methods="12" coveredmethods="0"/>
        <line num="4" count="1" type="stmt"/>
        <line num="15" count="0" type="stmt"/>
        <line num="27" count="1" type="stmt"/>
        <line num="28" count="0" type="cond" truecount="0" falsecount="2"/>
        <line num="29" count="0" type="cond" truecount="0" falsecount="2"/>
        <line num="33" count="0" type="stmt"/>
        <line num="35" count="0" type="stmt"/>
        <line num="39" count="0" type="stmt"/>
        <line num="43" count="0" type="stmt"/>
        <line num="47" count="0" type="cond" truecount="0" falsecount="4"/>
        <line num="48" count="0" type="stmt"/>
        <line num="53" count="0" type="stmt"/>
        <line num="54" count="0" type="stmt"/>
        <line num="55" count="0" type="stmt"/>
      </file>
      <file name="orderStructure.jsx" path="/home/umairnadeem/Documents/hack reactor/gits/trade-panel/client/src/components/orderStructure.jsx">
        <metrics statements="10" coveredstatements="10" conditionals="1" coveredconditionals="1" methods="2" coveredmethods="2"/>
        <line num="3" count="10" type="stmt"/>
        <line num="4" count="10" type="stmt"/>
        <line num="10" count="8" type="stmt"/>
        <line num="11" count="8" type="stmt"/>
        <line num="15" count="2" type="stmt"/>
        <line num="16" count="2" type="stmt"/>
        <line num="17" count="2" type="stmt"/>
        <line num="18" count="2" type="stmt"/>
        <line num="19" count="2" type="stmt"/>
        <line num="21" count="2" type="stmt"/>
      </file>
    </package>
  </project>
</coverage>
