{"/home/umairnadeem/Documents/hack reactor/gits/trade-panel/client/src/index.jsx": {"path":"/home/umairnadeem/Documents/hack reactor/gits/trade-panel/client/src/index.jsx","statementMap":{"0":{"start":{"line":5,"column":0},"end":{"line":5,"column":71}}},"fnMap":{},"branchMap":{},"s":{"0":0},"f":{},"b":{},"hash":"0c11da346a5666a5d343cdf87d5963f235c15f13"}
,"/home/umairnadeem/Documents/hack reactor/gits/trade-panel/client/src/components/Icon.jsx": {"path":"/home/umairnadeem/Documents/hack reactor/gits/trade-panel/client/src/components/Icon.jsx","statementMap":{"0":{"start":{"line":3,"column":13},"end":{"line":5,"column":1}},"1":{"start":{"line":4,"column":2},"end":{"line":4,"column":472}}},"fnMap":{"0":{"name":"(anonymous_0)","decl":{"start":{"line":3,"column":13},"end":{"line":3,"column":14}},"loc":{"start":{"line":4,"column":2},"end":{"line":4,"column":472}},"line":4}},"branchMap":{},"s":{"0":1,"1":0},"f":{"0":0},"b":{},"_coverageSchema":"43e27e138ebf9cfc5966b082cf9a028302ed4184","hash":"628d46a0b6f0f1e99f27933646eb05b95ed079f8"}
,"/home/umairnadeem/Documents/hack reactor/gits/trade-panel/client/src/components/Options.jsx": {"path":"/home/umairnadeem/Documents/hack reactor/gits/trade-panel/client/src/components/Options.jsx","statementMap":{"0":{"start":{"line":3,"column":21},"end":{"line":12,"column":1}},"1":{"start":{"line":4,"column":2},"end":{"line":11,"column":3}},"2":{"start":{"line":6,"column":6},"end":{"line":6,"column":54}},"3":{"start":{"line":8,"column":6},"end":{"line":8,"column":40}},"4":{"start":{"line":10,"column":6},"end":{"line":10,"column":24}},"5":{"start":{"line":14,"column":16},"end":{"line":19,"column":1}},"6":{"start":{"line":15,"column":2},"end":{"line":18,"column":8}}},"fnMap":{"0":{"name":"(anonymous_0)","decl":{"start":{"line":3,"column":21},"end":{"line":3,"column":22}},"loc":{"start":{"line":3,"column":40},"end":{"line":12,"column":1}},"line":3},"1":{"name":"(anonymous_1)","decl":{"start":{"line":14,"column":16},"end":{"line":14,"column":17}},"loc":{"start":{"line":15,"column":2},"end":{"line":18,"column":8}},"line":15}},"branchMap":{"0":{"loc":{"start":{"line":4,"column":2},"end":{"line":11,"column":3}},"type":"switch","locations":[{"start":{"line":5,"column":4},"end":{"line":6,"column":54}},{"start":{"line":7,"column":4},"end":{"line":8,"column":40}},{"start":{"line":9,"column":4},"end":{"line":10,"column":24}}],"line":4}},"s":{"0":1,"1":0,"2":0,"3":0,"4":0,"5":1,"6":0},"f":{"0":0,"1":0},"b":{"0":[0,0,0]},"_coverageSchema":"43e27e138ebf9cfc5966b082cf9a028302ed4184","hash":"aaf9e5dd11dfbcfdd717bc57cb587df143e39065"}
,"/home/umairnadeem/Documents/hack reactor/gits/trade-panel/client/src/components/OrderTypes.jsx": {"path":"/home/umairnadeem/Documents/hack reactor/gits/trade-panel/client/src/components/OrderTypes.jsx","statementMap":{"0":{"start":{"line":4,"column":19},"end":{"line":16,"column":1}},"1":{"start":{"line":5,"column":2},"end":{"line":15,"column":8}},"2":{"start":{"line":10,"column":54},"end":{"line":13,"column":45}},"3":{"start":{"line":11,"column":8},"end":{"line":11,"column":32}},"4":{"start":{"line":12,"column":8},"end":{"line":12,"column":72}},"5":{"start":{"line":12,"column":48},"end":{"line":12,"column":70}}},"fnMap":{"0":{"name":"(anonymous_0)","decl":{"start":{"line":4,"column":19},"end":{"line":4,"column":20}},"loc":{"start":{"line":5,"column":2},"end":{"line":15,"column":8}},"line":5},"1":{"name":"(anonymous_1)","decl":{"start":{"line":10,"column":32},"end":{"line":10,"column":33}},"loc":{"start":{"line":10,"column":54},"end":{"line":13,"column":45}},"line":10},"2":{"name":"(anonymous_2)","decl":{"start":{"line":10,"column":157},"end":{"line":10,"column":158}},"loc":{"start":{"line":10,"column":163},"end":{"line":13,"column":9}},"line":10},"3":{"name":"(anonymous_3)","decl":{"start":{"line":12,"column":42},"end":{"line":12,"column":43}},"loc":{"start":{"line":12,"column":48},"end":{"line":12,"column":70}},"line":12}},"branchMap":{"0":{"loc":{"start":{"line":10,"column":81},"end":{"line":10,"column":126}},"type":"cond-expr","locations":[{"start":{"line":10,"column":108},"end":{"line":10,"column":121}},{"start":{"line":10,"column":124},"end":{"line":10,"column":126}}],"line":10}},"s":{"0":1,"1":0,"2":0,"3":0,"4":0,"5":0},"f":{"0":0,"1":0,"2":0,"3":0},"b":{"0":[0,0]},"_coverageSchema":"43e27e138ebf9cfc5966b082cf9a028302ed4184","hash":"32f8d08c3553816f64ea69f6f82246ce9544ef28"}
,"/home/umairnadeem/Documents/hack reactor/gits/trade-panel/client/src/components/TradePanel.jsx": {"path":"/home/umairnadeem/Documents/hack reactor/gits/trade-panel/client/src/components/TradePanel.jsx","statementMap":{"0":{"start":{"line":9,"column":4},"end":{"line":9,"column":17}},"1":{"start":{"line":11,"column":4},"end":{"line":17,"column":6}},"2":{"start":{"line":21,"column":4},"end":{"line":21,"column":43}},"3":{"start":{"line":22,"column":16},"end":{"line":22,"column":66}},"4":{"start":{"line":23,"column":18},"end":{"line":23,"column":41}},"5":{"start":{"line":24,"column":4},"end":{"line":26,"column":5}},"6":{"start":{"line":25,"column":6},"end":{"line":25,"column":60}},"7":{"start":{"line":25,"column":42},"end":{"line":25,"column":58}},"8":{"start":{"line":27,"column":4},"end":{"line":27,"column":21}},"9":{"start":{"line":31,"column":4},"end":{"line":34,"column":38}},"10":{"start":{"line":32,"column":19},"end":{"line":32,"column":29}},"11":{"start":{"line":33,"column":20},"end":{"line":33,"column":43}},"12":{"start":{"line":34,"column":20},"end":{"line":34,"column":36}},"13":{"start":{"line":38,"column":4},"end":{"line":38,"column":73}},"14":{"start":{"line":38,"column":29},"end":{"line":38,"column":70}},"15":{"start":{"line":42,"column":4},"end":{"line":42,"column":32}},"16":{"start":{"line":46,"column":4},"end":{"line":51,"column":5}},"17":{"start":{"line":48,"column":8},"end":{"line":48,"column":102}},"18":{"start":{"line":50,"column":8},"end":{"line":50,"column":21}},"19":{"start":{"line":55,"column":4},"end":{"line":73,"column":6}},"20":{"start":{"line":69,"column":79},"end":{"line":69,"column":187}}},"fnMap":{"0":{"name":"(anonymous_0)","decl":{"start":{"line":8,"column":2},"end":{"line":8,"column":3}},"loc":{"start":{"line":8,"column":21},"end":{"line":18,"column":3}},"line":8},"1":{"name":"(anonymous_1)","decl":{"start":{"line":20,"column":2},"end":{"line":20,"column":3}},"loc":{"start":{"line":20,"column":22},"end":{"line":28,"column":3}},"line":20},"2":{"name":"(anonymous_2)","decl":{"start":{"line":25,"column":36},"end":{"line":25,"column":37}},"loc":{"start":{"line":25,"column":42},"end":{"line":25,"column":58}},"line":25},"3":{"name":"(anonymous_3)","decl":{"start":{"line":30,"column":2},"end":{"line":30,"column":3}},"loc":{"start":{"line":30,"column":14},"end":{"line":35,"column":3}},"line":30},"4":{"name":"(anonymous_4)","decl":{"start":{"line":32,"column":12},"end":{"line":32,"column":13}},"loc":{"start":{"line":32,"column":19},"end":{"line":32,"column":29}},"line":32},"5":{"name":"(anonymous_5)","decl":{"start":{"line":33,"column":12},"end":{"line":33,"column":13}},"loc":{"start":{"line":33,"column":20},"end":{"line":33,"column":43}},"line":33},"6":{"name":"(anonymous_6)","decl":{"start":{"line":34,"column":13},"end":{"line":34,"column":14}},"loc":{"start":{"line":34,"column":20},"end":{"line":34,"column":36}},"line":34},"7":{"name":"(anonymous_7)","decl":{"start":{"line":37,"column":2},"end":{"line":37,"column":3}},"loc":{"start":{"line":37,"column":19},"end":{"line":39,"column":3}},"line":37},"8":{"name":"(anonymous_8)","decl":{"start":{"line":38,"column":19},"end":{"line":38,"column":20}},"loc":{"start":{"line":38,"column":29},"end":{"line":38,"column":70}},"line":38},"9":{"name":"(anonymous_9)","decl":{"start":{"line":41,"column":2},"end":{"line":41,"column":3}},"loc":{"start":{"line":41,"column":23},"end":{"line":43,"column":3}},"line":41},"10":{"name":"(anonymous_10)","decl":{"start":{"line":45,"column":2},"end":{"line":45,"column":3}},"loc":{"start":{"line":45,"column":23},"end":{"line":52,"column":3}},"line":45},"11":{"name":"(anonymous_11)","decl":{"start":{"line":54,"column":2},"end":{"line":54,"column":3}},"loc":{"start":{"line":54,"column":11},"end":{"line":74,"column":3}},"line":54},"12":{"name":"(anonymous_12)","decl":{"start":{"line":69,"column":70},"end":{"line":69,"column":71}},"loc":{"start":{"line":69,"column":79},"end":{"line":69,"column":187}},"line":69}},"branchMap":{"0":{"loc":{"start":{"line":23,"column":18},"end":{"line":23,"column":41}},"type":"cond-expr","locations":[{"start":{"line":23,"column":26},"end":{"line":23,"column":34}},{"start":{"line":23,"column":37},"end":{"line":23,"column":41}}],"line":23},"1":{"loc":{"start":{"line":24,"column":4},"end":{"line":26,"column":5}},"type":"if","locations":[{"start":{"line":24,"column":4},"end":{"line":26,"column":5}},{"start":{"line":24,"column":4},"end":{"line":26,"column":5}}],"line":24},"2":{"loc":{"start":{"line":46,"column":4},"end":{"line":51,"column":5}},"type":"switch","locations":[{"start":{"line":47,"column":6},"end":{"line":48,"column":102}},{"start":{"line":49,"column":6},"end":{"line":50,"column":21}}],"line":46},"3":{"loc":{"start":{"line":48,"column":15},"end":{"line":48,"column":101}},"type":"cond-expr","locations":[{"start":{"line":48,"column":40},"end":{"line":48,"column":94}},{"start":{"line":48,"column":97},"end":{"line":48,"column":101}}],"line":48},"4":{"loc":{"start":{"line":57,"column":9},"end":{"line":57,"column":219}},"type":"cond-expr","locations":[{"start":{"line":57,"column":37},"end":{"line":57,"column":212}},{"start":{"line":57,"column":215},"end":{"line":57,"column":219}}],"line":57},"5":{"loc":{"start":{"line":62,"column":44},"end":{"line":62,"column":92}},"type":"cond-expr","locations":[{"start":{"line":62,"column":72},"end":{"line":62,"column":87}},{"start":{"line":62,"column":90},"end":{"line":62,"column":92}}],"line":62},"6":{"loc":{"start":{"line":63,"column":38},"end":{"line":63,"column":79}},"type":"cond-expr","locations":[{"start":{"line":63,"column":66},"end":{"line":63,"column":74}},{"start":{"line":63,"column":77},"end":{"line":63,"column":79}}],"line":63}},"s":{"0":4,"1":4,"2":4,"3":4,"4":4,"5":4,"6":0,"7":0,"8":4,"9":4,"10":0,"11":0,"12":0,"13":2,"14":2,"15":0,"16":14,"17":7,"18":7,"19":7,"20":14},"f":{"0":4,"1":4,"2":0,"3":4,"4":0,"5":0,"6":0,"7":2,"8":2,"9":0,"10":14,"11":7,"12":14},"b":{"0":[0,4],"1":[0,4],"2":[7,7],"3":[0,7],"4":[1,6],"5":[1,6],"6":[1,6]},"_coverageSchema":"43e27e138ebf9cfc5966b082cf9a028302ed4184","hash":"66b921892a545a52092f4310fd4d865774f3c657"}
,"/home/umairnadeem/Documents/hack reactor/gits/trade-panel/client/src/components/orderStructure.jsx": {"path":"/home/umairnadeem/Documents/hack reactor/gits/trade-panel/client/src/components/orderStructure.jsx","statementMap":{"0":{"start":{"line":3,"column":4},"end":{"line":3,"column":23}},"1":{"start":{"line":4,"column":4},"end":{"line":4,"column":21}},"2":{"start":{"line":10,"column":4},"end":{"line":10,"column":21}},"3":{"start":{"line":11,"column":4},"end":{"line":11,"column":32}},"4":{"start":{"line":15,"column":15},"end":{"line":15,"column":34}},"5":{"start":{"line":16,"column":20},"end":{"line":16,"column":53}},"6":{"start":{"line":17,"column":19},"end":{"line":17,"column":43}},"7":{"start":{"line":18,"column":19},"end":{"line":18,"column":54}},"8":{"start":{"line":19,"column":18},"end":{"line":19,"column":41}},"9":{"start":{"line":21,"column":18},"end":{"line":26,"column":1}}},"fnMap":{"0":{"name":"(anonymous_0)","decl":{"start":{"line":2,"column":2},"end":{"line":2,"column":3}},"loc":{"start":{"line":2,"column":37},"end":{"line":5,"column":3}},"line":2},"1":{"name":"(anonymous_1)","decl":{"start":{"line":9,"column":2},"end":{"line":9,"column":3}},"loc":{"start":{"line":9,"column":32},"end":{"line":12,"column":3}},"line":9}},"branchMap":{"0":{"loc":{"start":{"line":2,"column":21},"end":{"line":2,"column":35}},"type":"default-arg","locations":[{"start":{"line":2,"column":28},"end":{"line":2,"column":35}}],"line":2}},"s":{"0":5,"1":5,"2":4,"3":4,"4":1,"5":1,"6":1,"7":1,"8":1,"9":1},"f":{"0":5,"1":4},"b":{"0":[3]},"_coverageSchema":"43e27e138ebf9cfc5966b082cf9a028302ed4184","hash":"c2f085f4648a2f313902bf77276bd5c87ce16cd1"}
}
