{"/home/umairnadeem/Documents/hack reactor/gits/trade-panel/client/src/index.jsx": {"path":"/home/umairnadeem/Documents/hack reactor/gits/trade-panel/client/src/index.jsx","statementMap":{"0":{"start":{"line":5,"column":0},"end":{"line":5,"column":71}}},"fnMap":{},"branchMap":{},"s":{"0":0},"f":{},"b":{},"hash":"0c11da346a5666a5d343cdf87d5963f235c15f13"}
,"/home/umairnadeem/Documents/hack reactor/gits/trade-panel/client/src/components/Icon.jsx": {"path":"/home/umairnadeem/Documents/hack reactor/gits/trade-panel/client/src/components/Icon.jsx","statementMap":{"0":{"start":{"line":3,"column":13},"end":{"line":5,"column":1}},"1":{"start":{"line":4,"column":2},"end":{"line":4,"column":472}}},"fnMap":{"0":{"name":"(anonymous_0)","decl":{"start":{"line":3,"column":13},"end":{"line":3,"column":14}},"loc":{"start":{"line":4,"column":2},"end":{"line":4,"column":472}},"line":4}},"branchMap":{},"s":{"0":1,"1":16},"f":{"0":16},"b":{},"_coverageSchema":"43e27e138ebf9cfc5966b082cf9a028302ed4184","hash":"628d46a0b6f0f1e99f27933646eb05b95ed079f8"}
,"/home/umairnadeem/Documents/hack reactor/gits/trade-panel/client/src/components/Options.jsx": {"path":"/home/umairnadeem/Documents/hack reactor/gits/trade-panel/client/src/components/Options.jsx","statementMap":{"0":{"start":{"line":5,"column":22},"end":{"line":13,"column":1}},"1":{"start":{"line":6,"column":16},"end":{"line":6,"column":28}},"2":{"start":{"line":7,"column":16},"end":{"line":7,"column":30}},"3":{"start":{"line":8,"column":16},"end":{"line":8,"column":34}},"4":{"start":{"line":9,"column":18},"end":{"line":9,"column":39}},"5":{"start":{"line":10,"column":19},"end":{"line":10,"column":55}},"6":{"start":{"line":11,"column":2},"end":{"line":11,"column":83}},"7":{"start":{"line":12,"column":2},"end":{"line":12,"column":85}},"8":{"start":{"line":15,"column":21},"end":{"line":29,"column":1}},"9":{"start":{"line":16,"column":2},"end":{"line":28,"column":3}},"10":{"start":{"line":18,"column":6},"end":{"line":21,"column":39}},"11":{"start":{"line":19,"column":8},"end":{"line":19,"column":66}},"12":{"start":{"line":20,"column":8},"end":{"line":20,"column":51}},"13":{"start":{"line":23,"column":6},"end":{"line":23,"column":59}},"14":{"start":{"line":25,"column":6},"end":{"line":25,"column":71}},"15":{"start":{"line":27,"column":6},"end":{"line":27,"column":24}},"16":{"start":{"line":31,"column":16},"end":{"line":36,"column":1}},"17":{"start":{"line":32,"column":2},"end":{"line":35,"column":8}}},"fnMap":{"0":{"name":"(anonymous_0)","decl":{"start":{"line":5,"column":22},"end":{"line":5,"column":23}},"loc":{"start":{"line":5,"column":44},"end":{"line":13,"column":1}},"line":5},"1":{"name":"(anonymous_1)","decl":{"start":{"line":15,"column":21},"end":{"line":15,"column":22}},"loc":{"start":{"line":15,"column":62},"end":{"line":29,"column":1}},"line":15},"2":{"name":"(anonymous_2)","decl":{"start":{"line":18,"column":94},"end":{"line":18,"column":95}},"loc":{"start":{"line":18,"column":99},"end":{"line":21,"column":7}},"line":18},"3":{"name":"(anonymous_3)","decl":{"start":{"line":31,"column":16},"end":{"line":31,"column":17}},"loc":{"start":{"line":32,"column":2},"end":{"line":35,"column":8}},"line":32}},"branchMap":{"0":{"loc":{"start":{"line":9,"column":18},"end":{"line":9,"column":39}},"type":"cond-expr","locations":[{"start":{"line":9,"column":26},"end":{"line":9,"column":34}},{"start":{"line":9,"column":37},"end":{"line":9,"column":39}}],"line":9},"1":{"loc":{"start":{"line":11,"column":18},"end":{"line":11,"column":81}},"type":"cond-expr","locations":[{"start":{"line":11,"column":26},"end":{"line":11,"column":76}},{"start":{"line":11,"column":79},"end":{"line":11,"column":81}}],"line":11},"2":{"loc":{"start":{"line":11,"column":26},"end":{"line":11,"column":76}},"type":"cond-expr","locations":[{"start":{"line":11,"column":48},"end":{"line":11,"column":61}},{"start":{"line":11,"column":64},"end":{"line":11,"column":76}}],"line":11},"3":{"loc":{"start":{"line":12,"column":27},"end":{"line":12,"column":81}},"type":"cond-expr","locations":[{"start":{"line":12,"column":71},"end":{"line":12,"column":76}},{"start":{"line":12,"column":79},"end":{"line":12,"column":81}}],"line":12},"4":{"loc":{"start":{"line":12,"column":27},"end":{"line":12,"column":68}},"type":"binary-expr","locations":[{"start":{"line":12,"column":27},"end":{"line":12,"column":43}},{"start":{"line":12,"column":47},"end":{"line":12,"column":68}}],"line":12},"5":{"loc":{"start":{"line":16,"column":2},"end":{"line":28,"column":3}},"type":"switch","locations":[{"start":{"line":17,"column":4},"end":{"line":21,"column":39}},{"start":{"line":22,"column":4},"end":{"line":23,"column":59}},{"start":{"line":24,"column":4},"end":{"line":25,"column":71}},{"start":{"line":26,"column":4},"end":{"line":27,"column":24}}],"line":16},"6":{"loc":{"start":{"line":19,"column":25},"end":{"line":19,"column":55}},"type":"cond-expr","locations":[{"start":{"line":19,"column":35},"end":{"line":19,"column":45}},{"start":{"line":19,"column":48},"end":{"line":19,"column":55}}],"line":19},"7":{"loc":{"start":{"line":20,"column":8},"end":{"line":20,"column":50}},"type":"cond-expr","locations":[{"start":{"line":20,"column":18},"end":{"line":20,"column":20}},{"start":{"line":20,"column":23},"end":{"line":20,"column":50}}],"line":20}},"s":{"0":1,"1":1,"2":1,"3":1,"4":1,"5":1,"6":1,"7":1,"8":1,"9":56,"10":24,"11":1,"12":1,"13":26,"14":6,"15":0,"16":1,"17":56},"f":{"0":1,"1":56,"2":1,"3":56},"b":{"0":[1,0],"1":[1,0],"2":[0,1],"3":[0,1],"4":[1,1],"5":[24,26,6,0],"6":[0,1],"7":[0,1]},"_coverageSchema":"43e27e138ebf9cfc5966b082cf9a028302ed4184","hash":"c9e6b3b5717814b185819e42ba02341f2e3a259a"}
,"/home/umairnadeem/Documents/hack reactor/gits/trade-panel/client/src/components/OrderTypes.jsx": {"path":"/home/umairnadeem/Documents/hack reactor/gits/trade-panel/client/src/components/OrderTypes.jsx","statementMap":{"0":{"start":{"line":8,"column":4},"end":{"line":8,"column":17}},"1":{"start":{"line":9,"column":4},"end":{"line":9,"column":65}},"2":{"start":{"line":13,"column":4},"end":{"line":13,"column":64}},"3":{"start":{"line":17,"column":4},"end":{"line":17,"column":67}},"4":{"start":{"line":21,"column":4},"end":{"line":23,"column":5}},"5":{"start":{"line":22,"column":6},"end":{"line":22,"column":75}},"6":{"start":{"line":22,"column":46},"end":{"line":22,"column":73}},"7":{"start":{"line":27,"column":4},"end":{"line":39,"column":6}},"8":{"start":{"line":28,"column":41},"end":{"line":28,"column":57}},"9":{"start":{"line":33,"column":63},"end":{"line":36,"column":49}},"10":{"start":{"line":34,"column":12},"end":{"line":34,"column":41}},"11":{"start":{"line":35,"column":12},"end":{"line":35,"column":81}},"12":{"start":{"line":35,"column":52},"end":{"line":35,"column":79}},"13":{"start":{"line":44,"column":0},"end":{"line":49,"column":1}},"14":{"start":{"line":51,"column":0},"end":{"line":56,"column":1}}},"fnMap":{"0":{"name":"(anonymous_0)","decl":{"start":{"line":7,"column":2},"end":{"line":7,"column":3}},"loc":{"start":{"line":7,"column":21},"end":{"line":10,"column":3}},"line":7},"1":{"name":"(anonymous_1)","decl":{"start":{"line":12,"column":2},"end":{"line":12,"column":3}},"loc":{"start":{"line":12,"column":23},"end":{"line":14,"column":3}},"line":12},"2":{"name":"(anonymous_2)","decl":{"start":{"line":16,"column":2},"end":{"line":16,"column":3}},"loc":{"start":{"line":16,"column":25},"end":{"line":18,"column":3}},"line":16},"3":{"name":"(anonymous_3)","decl":{"start":{"line":20,"column":2},"end":{"line":20,"column":3}},"loc":{"start":{"line":20,"column":24},"end":{"line":24,"column":3}},"line":20},"4":{"name":"(anonymous_4)","decl":{"start":{"line":22,"column":40},"end":{"line":22,"column":41}},"loc":{"start":{"line":22,"column":46},"end":{"line":22,"column":73}},"line":22},"5":{"name":"(anonymous_5)","decl":{"start":{"line":26,"column":2},"end":{"line":26,"column":3}},"loc":{"start":{"line":26,"column":11},"end":{"line":40,"column":3}},"line":26},"6":{"name":"(anonymous_6)","decl":{"start":{"line":28,"column":33},"end":{"line":28,"column":34}},"loc":{"start":{"line":28,"column":41},"end":{"line":28,"column":57}},"line":28},"7":{"name":"(anonymous_7)","decl":{"start":{"line":33,"column":41},"end":{"line":33,"column":42}},"loc":{"start":{"line":33,"column":63},"end":{"line":36,"column":49}},"line":33},"8":{"name":"(anonymous_8)","decl":{"start":{"line":33,"column":171},"end":{"line":33,"column":172}},"loc":{"start":{"line":33,"column":177},"end":{"line":36,"column":13}},"line":33},"9":{"name":"(anonymous_9)","decl":{"start":{"line":35,"column":46},"end":{"line":35,"column":47}},"loc":{"start":{"line":35,"column":52},"end":{"line":35,"column":79}},"line":35},"10":{"name":"(anonymous_10)","decl":{"start":{"line":54,"column":14},"end":{"line":54,"column":15}},"loc":{"start":{"line":54,"column":20},"end":{"line":54,"column":22}},"line":54},"11":{"name":"(anonymous_11)","decl":{"start":{"line":55,"column":18},"end":{"line":55,"column":19}},"loc":{"start":{"line":55,"column":24},"end":{"line":55,"column":26}},"line":55}},"branchMap":{"0":{"loc":{"start":{"line":21,"column":4},"end":{"line":23,"column":5}},"type":"if","locations":[{"start":{"line":21,"column":4},"end":{"line":23,"column":5}},{"start":{"line":21,"column":4},"end":{"line":23,"column":5}}],"line":21},"1":{"loc":{"start":{"line":21,"column":8},"end":{"line":21,"column":51}},"type":"binary-expr","locations":[{"start":{"line":21,"column":8},"end":{"line":21,"column":18}},{"start":{"line":21,"column":22},"end":{"line":21,"column":51}}],"line":21},"2":{"loc":{"start":{"line":33,"column":90},"end":{"line":33,"column":140}},"type":"cond-expr","locations":[{"start":{"line":33,"column":122},"end":{"line":33,"column":135}},{"start":{"line":33,"column":138},"end":{"line":33,"column":140}}],"line":33}},"s":{"0":4,"1":4,"2":4,"3":0,"4":1,"5":1,"6":0,"7":10,"8":15,"9":40,"10":3,"11":3,"12":0,"13":2,"14":2},"f":{"0":4,"1":4,"2":0,"3":1,"4":0,"5":10,"6":15,"7":40,"8":3,"9":0,"10":0,"11":0},"b":{"0":[1,0],"1":[1,0],"2":[10,30]},"_coverageSchema":"43e27e138ebf9cfc5966b082cf9a028302ed4184","hash":"49978a81897412f99e8382cdfa2b6af402fac2dc"}
,"/home/umairnadeem/Documents/hack reactor/gits/trade-panel/client/src/components/Select.jsx": {"path":"/home/umairnadeem/Documents/hack reactor/gits/trade-panel/client/src/components/Select.jsx","statementMap":{"0":{"start":{"line":7,"column":4},"end":{"line":7,"column":17}},"1":{"start":{"line":8,"column":4},"end":{"line":12,"column":6}},"2":{"start":{"line":13,"column":4},"end":{"line":13,"column":53}},"3":{"start":{"line":14,"column":4},"end":{"line":14,"column":51}},"4":{"start":{"line":15,"column":4},"end":{"line":15,"column":47}},"5":{"start":{"line":19,"column":4},"end":{"line":19,"column":68}},"6":{"start":{"line":19,"column":28},"end":{"line":19,"column":65}},"7":{"start":{"line":20,"column":19},"end":{"line":20,"column":48}},"8":{"start":{"line":21,"column":4},"end":{"line":21,"column":42}},"9":{"start":{"line":25,"column":4},"end":{"line":25,"column":51}},"10":{"start":{"line":29,"column":4},"end":{"line":29,"column":42}},"11":{"start":{"line":33,"column":4},"end":{"line":40,"column":6}},"12":{"start":{"line":34,"column":42},"end":{"line":34,"column":58}}},"fnMap":{"0":{"name":"(anonymous_0)","decl":{"start":{"line":6,"column":2},"end":{"line":6,"column":3}},"loc":{"start":{"line":6,"column":21},"end":{"line":16,"column":3}},"line":6},"1":{"name":"(anonymous_1)","decl":{"start":{"line":18,"column":2},"end":{"line":18,"column":3}},"loc":{"start":{"line":18,"column":17},"end":{"line":22,"column":3}},"line":18},"2":{"name":"(anonymous_2)","decl":{"start":{"line":19,"column":18},"end":{"line":19,"column":19}},"loc":{"start":{"line":19,"column":28},"end":{"line":19,"column":65}},"line":19},"3":{"name":"(anonymous_3)","decl":{"start":{"line":24,"column":2},"end":{"line":24,"column":3}},"loc":{"start":{"line":24,"column":24},"end":{"line":26,"column":3}},"line":24},"4":{"name":"(anonymous_4)","decl":{"start":{"line":28,"column":2},"end":{"line":28,"column":3}},"loc":{"start":{"line":28,"column":19},"end":{"line":30,"column":3}},"line":28},"5":{"name":"(anonymous_5)","decl":{"start":{"line":32,"column":2},"end":{"line":32,"column":3}},"loc":{"start":{"line":32,"column":11},"end":{"line":41,"column":3}},"line":32},"6":{"name":"(anonymous_6)","decl":{"start":{"line":34,"column":34},"end":{"line":34,"column":35}},"loc":{"start":{"line":34,"column":42},"end":{"line":34,"column":58}},"line":34}},"branchMap":{"0":{"loc":{"start":{"line":35,"column":9},"end":{"line":35,"column":237}},"type":"cond-expr","locations":[{"start":{"line":35,"column":35},"end":{"line":35,"column":230}},{"start":{"line":35,"column":233},"end":{"line":35,"column":237}}],"line":35}},"s":{"0":3,"1":3,"2":3,"3":3,"4":3,"5":0,"6":0,"7":0,"8":0,"9":0,"10":0,"11":6,"12":9},"f":{"0":3,"1":0,"2":0,"3":0,"4":0,"5":6,"6":9},"b":{"0":[0,6]},"_coverageSchema":"43e27e138ebf9cfc5966b082cf9a028302ed4184","hash":"b851cc1921a1bcab63894e8cf1af216ebc9cda10"}
,"/home/umairnadeem/Documents/hack reactor/gits/trade-panel/client/src/components/TradePanel.jsx": {"path":"/home/umairnadeem/Documents/hack reactor/gits/trade-panel/client/src/components/TradePanel.jsx","statementMap":{"0":{"start":{"line":9,"column":4},"end":{"line":9,"column":17}},"1":{"start":{"line":11,"column":4},"end":{"line":18,"column":6}},"2":{"start":{"line":20,"column":4},"end":{"line":20,"column":47}},"3":{"start":{"line":21,"column":4},"end":{"line":21,"column":57}},"4":{"start":{"line":22,"column":4},"end":{"line":22,"column":49}},"5":{"start":{"line":23,"column":4},"end":{"line":23,"column":55}},"6":{"start":{"line":24,"column":4},"end":{"line":24,"column":51}},"7":{"start":{"line":28,"column":16},"end":{"line":28,"column":66}},"8":{"start":{"line":29,"column":18},"end":{"line":29,"column":41}},"9":{"start":{"line":30,"column":4},"end":{"line":32,"column":5}},"10":{"start":{"line":31,"column":6},"end":{"line":31,"column":60}},"11":{"start":{"line":31,"column":42},"end":{"line":31,"column":58}},"12":{"start":{"line":33,"column":4},"end":{"line":33,"column":21}},"13":{"start":{"line":37,"column":4},"end":{"line":40,"column":38}},"14":{"start":{"line":38,"column":19},"end":{"line":38,"column":29}},"15":{"start":{"line":39,"column":20},"end":{"line":39,"column":43}},"16":{"start":{"line":40,"column":20},"end":{"line":40,"column":36}},"17":{"start":{"line":44,"column":4},"end":{"line":44,"column":73}},"18":{"start":{"line":44,"column":29},"end":{"line":44,"column":70}},"19":{"start":{"line":48,"column":4},"end":{"line":48,"column":32}},"20":{"start":{"line":52,"column":18},"end":{"line":52,"column":80}},"21":{"start":{"line":53,"column":4},"end":{"line":61,"column":5}},"22":{"start":{"line":56,"column":8},"end":{"line":56,"column":21}},"23":{"start":{"line":58,"column":8},"end":{"line":58,"column":23}},"24":{"start":{"line":60,"column":8},"end":{"line":60,"column":17}},"25":{"start":{"line":65,"column":18},"end":{"line":65,"column":71}},"26":{"start":{"line":66,"column":4},"end":{"line":66,"column":55}},"27":{"start":{"line":70,"column":76},"end":{"line":70,"column":86}},"28":{"start":{"line":72,"column":4},"end":{"line":92,"column":6}},"29":{"start":{"line":79,"column":40},"end":{"line":79,"column":56}},"30":{"start":{"line":85,"column":57},"end":{"line":85,"column":218}}},"fnMap":{"0":{"name":"(anonymous_0)","decl":{"start":{"line":8,"column":2},"end":{"line":8,"column":3}},"loc":{"start":{"line":8,"column":21},"end":{"line":25,"column":3}},"line":8},"1":{"name":"(anonymous_1)","decl":{"start":{"line":27,"column":2},"end":{"line":27,"column":3}},"loc":{"start":{"line":27,"column":22},"end":{"line":34,"column":3}},"line":27},"2":{"name":"(anonymous_2)","decl":{"start":{"line":31,"column":36},"end":{"line":31,"column":37}},"loc":{"start":{"line":31,"column":42},"end":{"line":31,"column":58}},"line":31},"3":{"name":"(anonymous_3)","decl":{"start":{"line":36,"column":2},"end":{"line":36,"column":3}},"loc":{"start":{"line":36,"column":14},"end":{"line":41,"column":3}},"line":36},"4":{"name":"(anonymous_4)","decl":{"start":{"line":38,"column":12},"end":{"line":38,"column":13}},"loc":{"start":{"line":38,"column":19},"end":{"line":38,"column":29}},"line":38},"5":{"name":"(anonymous_5)","decl":{"start":{"line":39,"column":12},"end":{"line":39,"column":13}},"loc":{"start":{"line":39,"column":20},"end":{"line":39,"column":43}},"line":39},"6":{"name":"(anonymous_6)","decl":{"start":{"line":40,"column":13},"end":{"line":40,"column":14}},"loc":{"start":{"line":40,"column":20},"end":{"line":40,"column":36}},"line":40},"7":{"name":"(anonymous_7)","decl":{"start":{"line":43,"column":2},"end":{"line":43,"column":3}},"loc":{"start":{"line":43,"column":19},"end":{"line":45,"column":3}},"line":43},"8":{"name":"(anonymous_8)","decl":{"start":{"line":44,"column":19},"end":{"line":44,"column":20}},"loc":{"start":{"line":44,"column":29},"end":{"line":44,"column":70}},"line":44},"9":{"name":"(anonymous_9)","decl":{"start":{"line":47,"column":2},"end":{"line":47,"column":3}},"loc":{"start":{"line":47,"column":23},"end":{"line":49,"column":3}},"line":47},"10":{"name":"(anonymous_10)","decl":{"start":{"line":51,"column":2},"end":{"line":51,"column":3}},"loc":{"start":{"line":51,"column":23},"end":{"line":62,"column":3}},"line":51},"11":{"name":"(anonymous_11)","decl":{"start":{"line":64,"column":2},"end":{"line":64,"column":3}},"loc":{"start":{"line":64,"column":22},"end":{"line":67,"column":3}},"line":64},"12":{"name":"(anonymous_12)","decl":{"start":{"line":69,"column":2},"end":{"line":69,"column":3}},"loc":{"start":{"line":69,"column":11},"end":{"line":93,"column":3}},"line":69},"13":{"name":"(anonymous_13)","decl":{"start":{"line":79,"column":32},"end":{"line":79,"column":33}},"loc":{"start":{"line":79,"column":40},"end":{"line":79,"column":56}},"line":79},"14":{"name":"(anonymous_14)","decl":{"start":{"line":85,"column":48},"end":{"line":85,"column":49}},"loc":{"start":{"line":85,"column":57},"end":{"line":85,"column":218}},"line":85}},"branchMap":{"0":{"loc":{"start":{"line":29,"column":18},"end":{"line":29,"column":41}},"type":"cond-expr","locations":[{"start":{"line":29,"column":26},"end":{"line":29,"column":34}},{"start":{"line":29,"column":37},"end":{"line":29,"column":41}}],"line":29},"1":{"loc":{"start":{"line":30,"column":4},"end":{"line":32,"column":5}},"type":"if","locations":[{"start":{"line":30,"column":4},"end":{"line":32,"column":5}},{"start":{"line":30,"column":4},"end":{"line":32,"column":5}}],"line":30},"2":{"loc":{"start":{"line":52,"column":18},"end":{"line":52,"column":80}},"type":"cond-expr","locations":[{"start":{"line":52,"column":43},"end":{"line":52,"column":73}},{"start":{"line":52,"column":76},"end":{"line":52,"column":80}}],"line":52},"3":{"loc":{"start":{"line":53,"column":4},"end":{"line":61,"column":5}},"type":"switch","locations":[{"start":{"line":54,"column":6},"end":{"line":54,"column":26}},{"start":{"line":55,"column":6},"end":{"line":56,"column":21}},{"start":{"line":57,"column":6},"end":{"line":58,"column":23}},{"start":{"line":59,"column":6},"end":{"line":60,"column":17}}],"line":53},"4":{"loc":{"start":{"line":65,"column":18},"end":{"line":65,"column":71}},"type":"cond-expr","locations":[{"start":{"line":65,"column":43},"end":{"line":65,"column":67}},{"start":{"line":65,"column":70},"end":{"line":65,"column":71}}],"line":65},"5":{"loc":{"start":{"line":78,"column":44},"end":{"line":78,"column":81}},"type":"cond-expr","locations":[{"start":{"line":78,"column":61},"end":{"line":78,"column":76}},{"start":{"line":78,"column":79},"end":{"line":78,"column":81}}],"line":78},"6":{"loc":{"start":{"line":79,"column":69},"end":{"line":79,"column":99}},"type":"cond-expr","locations":[{"start":{"line":79,"column":86},"end":{"line":79,"column":94}},{"start":{"line":79,"column":97},"end":{"line":79,"column":99}}],"line":79},"7":{"loc":{"start":{"line":90,"column":9},"end":{"line":90,"column":158}},"type":"binary-expr","locations":[{"start":{"line":90,"column":9},"end":{"line":90,"column":23}},{"start":{"line":90,"column":27},"end":{"line":90,"column":158}}],"line":90}},"s":{"0":8,"1":8,"2":8,"3":8,"4":8,"5":8,"6":8,"7":8,"8":8,"9":8,"10":0,"11":0,"12":8,"13":9,"14":9,"15":9,"16":0,"17":5,"18":5,"19":3,"20":62,"21":62,"22":25,"23":4,"24":33,"25":1,"26":1,"27":27,"28":27,"29":28,"30":62},"f":{"0":8,"1":8,"2":0,"3":9,"4":9,"5":9,"6":0,"7":5,"8":5,"9":3,"10":62,"11":1,"12":27,"13":28,"14":62},"b":{"0":[0,8],"1":[0,8],"2":[24,38],"3":[21,25,4,33],"4":[1,0],"5":[10,17],"6":[10,17],"7":[27,10]},"_coverageSchema":"43e27e138ebf9cfc5966b082cf9a028302ed4184","hash":"856bae4ab4933a40c0e21b86fc73d3322d09f76f"}
,"/home/umairnadeem/Documents/hack reactor/gits/trade-panel/client/src/components/Values.jsx": {"path":"/home/umairnadeem/Documents/hack reactor/gits/trade-panel/client/src/components/Values.jsx","statementMap":{"0":{"start":{"line":5,"column":4},"end":{"line":5,"column":17}},"1":{"start":{"line":7,"column":4},"end":{"line":7,"column":65}},"2":{"start":{"line":11,"column":4},"end":{"line":11,"column":64}},"3":{"start":{"line":15,"column":4},"end":{"line":15,"column":67}},"4":{"start":{"line":19,"column":4},"end":{"line":21,"column":5}},"5":{"start":{"line":20,"column":6},"end":{"line":20,"column":32}},"6":{"start":{"line":25,"column":4},"end":{"line":29,"column":6}},"7":{"start":{"line":26,"column":35},"end":{"line":26,"column":51}},"8":{"start":{"line":27,"column":49},"end":{"line":27,"column":237}},"9":{"start":{"line":27,"column":150},"end":{"line":27,"column":177}},"10":{"start":{"line":27,"column":194},"end":{"line":27,"column":223}}},"fnMap":{"0":{"name":"(anonymous_0)","decl":{"start":{"line":4,"column":2},"end":{"line":4,"column":3}},"loc":{"start":{"line":4,"column":21},"end":{"line":8,"column":3}},"line":4},"1":{"name":"(anonymous_1)","decl":{"start":{"line":10,"column":2},"end":{"line":10,"column":3}},"loc":{"start":{"line":10,"column":23},"end":{"line":12,"column":3}},"line":10},"2":{"name":"(anonymous_2)","decl":{"start":{"line":14,"column":2},"end":{"line":14,"column":3}},"loc":{"start":{"line":14,"column":25},"end":{"line":16,"column":3}},"line":14},"3":{"name":"(anonymous_3)","decl":{"start":{"line":18,"column":2},"end":{"line":18,"column":3}},"loc":{"start":{"line":18,"column":24},"end":{"line":22,"column":3}},"line":18},"4":{"name":"(anonymous_4)","decl":{"start":{"line":24,"column":2},"end":{"line":24,"column":3}},"loc":{"start":{"line":24,"column":11},"end":{"line":30,"column":3}},"line":24},"5":{"name":"(anonymous_5)","decl":{"start":{"line":26,"column":27},"end":{"line":26,"column":28}},"loc":{"start":{"line":26,"column":35},"end":{"line":26,"column":51}},"line":26},"6":{"name":"(anonymous_6)","decl":{"start":{"line":27,"column":31},"end":{"line":27,"column":32}},"loc":{"start":{"line":27,"column":49},"end":{"line":27,"column":237}},"line":27},"7":{"name":"(anonymous_7)","decl":{"start":{"line":27,"column":144},"end":{"line":27,"column":145}},"loc":{"start":{"line":27,"column":150},"end":{"line":27,"column":177}},"line":27},"8":{"name":"(anonymous_8)","decl":{"start":{"line":27,"column":188},"end":{"line":27,"column":189}},"loc":{"start":{"line":27,"column":194},"end":{"line":27,"column":223}},"line":27}},"branchMap":{"0":{"loc":{"start":{"line":19,"column":4},"end":{"line":21,"column":5}},"type":"if","locations":[{"start":{"line":19,"column":4},"end":{"line":21,"column":5}},{"start":{"line":19,"column":4},"end":{"line":21,"column":5}}],"line":19},"1":{"loc":{"start":{"line":19,"column":8},"end":{"line":19,"column":51}},"type":"binary-expr","locations":[{"start":{"line":19,"column":8},"end":{"line":19,"column":18}},{"start":{"line":19,"column":22},"end":{"line":19,"column":51}}],"line":19},"2":{"loc":{"start":{"line":27,"column":64},"end":{"line":27,"column":117}},"type":"cond-expr","locations":[{"start":{"line":27,"column":99},"end":{"line":27,"column":112}},{"start":{"line":27,"column":115},"end":{"line":27,"column":117}}],"line":27}},"s":{"0":0,"1":0,"2":0,"3":0,"4":0,"5":0,"6":0,"7":0,"8":0,"9":0,"10":0},"f":{"0":0,"1":0,"2":0,"3":0,"4":0,"5":0,"6":0,"7":0,"8":0},"b":{"0":[0,0],"1":[0,0],"2":[0,0]},"_coverageSchema":"43e27e138ebf9cfc5966b082cf9a028302ed4184","hash":"a6f8cf21129f8e21181e27d717eefb1464af7b0a"}
,"/home/umairnadeem/Documents/hack reactor/gits/trade-panel/client/src/components/orderStructure.jsx": {"path":"/home/umairnadeem/Documents/hack reactor/gits/trade-panel/client/src/components/orderStructure.jsx","statementMap":{"0":{"start":{"line":3,"column":4},"end":{"line":3,"column":23}},"1":{"start":{"line":4,"column":4},"end":{"line":4,"column":21}},"2":{"start":{"line":10,"column":4},"end":{"line":10,"column":21}},"3":{"start":{"line":11,"column":4},"end":{"line":11,"column":32}},"4":{"start":{"line":15,"column":15},"end":{"line":15,"column":34}},"5":{"start":{"line":16,"column":20},"end":{"line":16,"column":53}},"6":{"start":{"line":17,"column":19},"end":{"line":17,"column":43}},"7":{"start":{"line":18,"column":19},"end":{"line":18,"column":54}},"8":{"start":{"line":19,"column":18},"end":{"line":19,"column":41}},"9":{"start":{"line":21,"column":18},"end":{"line":26,"column":1}}},"fnMap":{"0":{"name":"(anonymous_0)","decl":{"start":{"line":2,"column":2},"end":{"line":2,"column":3}},"loc":{"start":{"line":2,"column":37},"end":{"line":5,"column":3}},"line":2},"1":{"name":"(anonymous_1)","decl":{"start":{"line":9,"column":2},"end":{"line":9,"column":3}},"loc":{"start":{"line":9,"column":32},"end":{"line":12,"column":3}},"line":9}},"branchMap":{"0":{"loc":{"start":{"line":2,"column":21},"end":{"line":2,"column":35}},"type":"default-arg","locations":[{"start":{"line":2,"column":28},"end":{"line":2,"column":35}}],"line":2}},"s":{"0":10,"1":10,"2":8,"3":8,"4":2,"5":2,"6":2,"7":2,"8":2,"9":2},"f":{"0":10,"1":8},"b":{"0":[6]},"_coverageSchema":"43e27e138ebf9cfc5966b082cf9a028302ed4184","hash":"c2f085f4648a2f313902bf77276bd5c87ce16cd1"}
}
