TN:
SF:/home/umairnadeem/Documents/hack reactor/gits/trade-panel/client/src/index.jsx
FNF:0
FNH:0
DA:5,0
LF:1
LH:0
BRF:0
BRH:0
end_of_record
TN:
SF:/home/umairnadeem/Documents/hack reactor/gits/trade-panel/client/src/components/Icon.jsx
FN:3,(anonymous_0)
FNF:1
FNH:1
FNDA:16,(anonymous_0)
DA:3,1
DA:4,16
LF:2
LH:2
BRF:0
BRH:0
end_of_record
TN:
SF:/home/umairnadeem/Documents/hack reactor/gits/trade-panel/client/src/components/Options.jsx
FN:5,(anonymous_0)
FN:15,(anonymous_1)
FN:18,(anonymous_2)
FN:31,(anonymous_3)
FNF:4
FNH:4
FNDA:1,(anonymous_0)
FNDA:56,(anonymous_1)
FNDA:1,(anonymous_2)
FNDA:56,(anonymous_3)
DA:5,1
DA:6,1
DA:7,1
DA:8,1
DA:9,1
DA:10,1
DA:11,1
DA:12,1
DA:15,1
DA:16,56
DA:18,24
DA:19,1
DA:20,1
DA:23,26
DA:25,6
DA:27,0
DA:31,1
DA:32,56
LF:18
LH:17
BRDA:9,0,0,1
BRDA:9,0,1,0
BRDA:11,1,0,1
BRDA:11,1,1,0
BRDA:11,2,0,0
BRDA:11,2,1,1
BRDA:12,3,0,0
BRDA:12,3,1,1
BRDA:12,4,0,1
BRDA:12,4,1,1
BRDA:16,5,0,24
BRDA:16,5,1,26
BRDA:16,5,2,6
BRDA:16,5,3,0
BRDA:19,6,0,0
BRDA:19,6,1,1
BRDA:20,7,0,0
BRDA:20,7,1,1
BRF:18
BRH:11
end_of_record
TN:
SF:/home/umairnadeem/Documents/hack reactor/gits/trade-panel/client/src/components/OrderTypes.jsx
FN:7,(anonymous_0)
FN:12,(anonymous_1)
FN:16,(anonymous_2)
FN:20,(anonymous_3)
FN:22,(anonymous_4)
FN:26,(anonymous_5)
FN:28,(anonymous_6)
FN:33,(anonymous_7)
FN:33,(anonymous_8)
FN:35,(anonymous_9)
FN:54,(anonymous_10)
FN:55,(anonymous_11)
FNF:12
FNH:7
FNDA:4,(anonymous_0)
FNDA:4,(anonymous_1)
FNDA:0,(anonymous_2)
FNDA:1,(anonymous_3)
FNDA:0,(anonymous_4)
FNDA:10,(anonymous_5)
FNDA:15,(anonymous_6)
FNDA:40,(anonymous_7)
FNDA:3,(anonymous_8)
FNDA:0,(anonymous_9)
FNDA:0,(anonymous_10)
FNDA:0,(anonymous_11)
DA:8,4
DA:9,4
DA:13,4
DA:17,0
DA:21,1
DA:22,1
DA:27,10
DA:28,15
DA:33,40
DA:34,3
DA:35,3
DA:44,2
DA:51,2
LF:13
LH:12
BRDA:21,0,0,1
BRDA:21,0,1,0
BRDA:21,1,0,1
BRDA:21,1,1,0
BRDA:33,2,0,10
BRDA:33,2,1,30
BRF:6
BRH:4
end_of_record
TN:
SF:/home/umairnadeem/Documents/hack reactor/gits/trade-panel/client/src/components/Select.jsx
FN:6,(anonymous_0)
FN:18,(anonymous_1)
FN:19,(anonymous_2)
FN:24,(anonymous_3)
FN:28,(anonymous_4)
FN:32,(anonymous_5)
FN:34,(anonymous_6)
FNF:7
FNH:3
FNDA:3,(anonymous_0)
FNDA:0,(anonymous_1)
FNDA:0,(anonymous_2)
FNDA:0,(anonymous_3)
FNDA:0,(anonymous_4)
FNDA:6,(anonymous_5)
FNDA:9,(anonymous_6)
DA:7,3
DA:8,3
DA:13,3
DA:14,3
DA:15,3
DA:19,0
DA:20,0
DA:21,0
DA:25,0
DA:29,0
DA:33,6
DA:34,9
LF:12
LH:7
BRDA:35,0,0,0
BRDA:35,0,1,6
BRF:2
BRH:1
end_of_record
TN:
SF:/home/umairnadeem/Documents/hack reactor/gits/trade-panel/client/src/components/TradePanel.jsx
FN:9,(anonymous_0)
FN:28,(anonymous_1)
FN:32,(anonymous_2)
FN:37,(anonymous_3)
FN:39,(anonymous_4)
FN:40,(anonymous_5)
FN:41,(anonymous_6)
FN:44,(anonymous_7)
FN:45,(anonymous_8)
FN:48,(anonymous_9)
FN:52,(anonymous_10)
FN:65,(anonymous_11)
FN:70,(anonymous_12)
FN:80,(anonymous_13)
FN:86,(anonymous_14)
FNF:15
FNH:13
FNDA:8,(anonymous_0)
FNDA:8,(anonymous_1)
FNDA:0,(anonymous_2)
FNDA:9,(anonymous_3)
FNDA:9,(anonymous_4)
FNDA:9,(anonymous_5)
FNDA:0,(anonymous_6)
FNDA:5,(anonymous_7)
FNDA:5,(anonymous_8)
FNDA:3,(anonymous_9)
FNDA:62,(anonymous_10)
FNDA:1,(anonymous_11)
FNDA:27,(anonymous_12)
FNDA:28,(anonymous_13)
FNDA:62,(anonymous_14)
DA:10,8
DA:12,8
DA:21,8
DA:22,8
DA:23,8
DA:24,8
DA:25,8
DA:29,8
DA:30,8
DA:31,8
DA:32,0
DA:34,8
DA:38,9
DA:39,9
DA:40,9
DA:41,0
DA:45,5
DA:49,3
DA:53,62
DA:54,62
DA:57,25
DA:59,4
DA:61,33
DA:66,1
DA:67,1
DA:71,27
DA:73,27
DA:80,28
DA:86,62
DA:97,1
DA:98,1
LF:31
LH:29
BRDA:30,0,0,0
BRDA:30,0,1,8
BRDA:31,1,0,0
BRDA:31,1,1,8
BRDA:53,2,0,24
BRDA:53,2,1,38
BRDA:54,3,0,21
BRDA:54,3,1,25
BRDA:54,3,2,4
BRDA:54,3,3,33
BRDA:66,4,0,1
BRDA:66,4,1,0
BRDA:79,5,0,10
BRDA:79,5,1,17
BRDA:80,6,0,10
BRDA:80,6,1,17
BRDA:91,7,0,27
BRDA:91,7,1,10
BRF:18
BRH:15
end_of_record
TN:
SF:/home/umairnadeem/Documents/hack reactor/gits/trade-panel/client/src/components/Values.jsx
FN:6,(anonymous_0)
FN:12,(anonymous_1)
FN:16,(anonymous_2)
FN:20,(anonymous_3)
FN:26,(anonymous_4)
FN:28,(anonymous_5)
FN:29,(anonymous_6)
FN:29,(anonymous_7)
FN:29,(anonymous_8)
FNF:9
FNH:0
FNDA:0,(anonymous_0)
FNDA:0,(anonymous_1)
FNDA:0,(anonymous_2)
FNDA:0,(anonymous_3)
FNDA:0,(anonymous_4)
FNDA:0,(anonymous_5)
FNDA:0,(anonymous_6)
FNDA:0,(anonymous_7)
FNDA:0,(anonymous_8)
DA:7,0
DA:9,0
DA:13,0
DA:17,0
DA:21,0
DA:22,0
DA:27,0
DA:28,0
DA:29,0
LF:9
LH:0
BRDA:21,0,0,0
BRDA:21,0,1,0
BRDA:21,1,0,0
BRDA:21,1,1,0
BRDA:29,2,0,0
BRDA:29,2,1,0
BRF:6
BRH:0
end_of_record
TN:
SF:/home/umairnadeem/Documents/hack reactor/gits/trade-panel/client/src/components/orderStructure.jsx
FN:2,(anonymous_0)
FN:9,(anonymous_1)
FNF:2
FNH:2
FNDA:10,(anonymous_0)
FNDA:8,(anonymous_1)
DA:3,10
DA:4,10
DA:10,8
DA:11,8
DA:15,2
DA:16,2
DA:17,2
DA:18,2
DA:19,2
DA:21,2
LF:10
LH:10
BRDA:2,0,0,6
BRF:1
BRH:1
end_of_record
