TN:
SF:/home/umairnadeem/Documents/hack reactor/gits/trade-panel/client/src/index.jsx
FNF:0
FNH:0
DA:5,0
LF:1
LH:0
BRF:0
BRH:0
end_of_record
TN:
SF:/home/umairnadeem/Documents/hack reactor/gits/trade-panel/client/src/components/Icon.jsx
FN:3,(anonymous_0)
FNF:1
FNH:1
FNDA:16,(anonymous_0)
DA:3,1
DA:4,16
LF:2
LH:2
BRF:0
BRH:0
end_of_record
TN:
SF:/home/umairnadeem/Documents/hack reactor/gits/trade-panel/client/src/components/Options.jsx
FN:5,(anonymous_0)
FN:15,(anonymous_1)
FN:18,(anonymous_2)
FN:31,(anonymous_3)
FNF:4
FNH:4
FNDA:1,(anonymous_0)
FNDA:56,(anonymous_1)
FNDA:1,(anonymous_2)
FNDA:56,(anonymous_3)
DA:5,1
DA:6,1
DA:7,1
DA:8,1
DA:9,1
DA:10,1
DA:11,1
DA:12,1
DA:15,1
DA:16,56
DA:18,24
DA:19,1
DA:20,1
DA:23,26
DA:25,6
DA:27,0
DA:31,1
DA:32,56
LF:18
LH:17
BRDA:9,0,0,1
BRDA:9,0,1,0
BRDA:11,1,0,1
BRDA:11,1,1,0
BRDA:11,2,0,0
BRDA:11,2,1,1
BRDA:12,3,0,0
BRDA:12,3,1,1
BRDA:12,4,0,1
BRDA:12,4,1,1
BRDA:16,5,0,24
BRDA:16,5,1,26
BRDA:16,5,2,6
BRDA:16,5,3,0
BRDA:19,6,0,0
BRDA:19,6,1,1
BRDA:20,7,0,0
BRDA:20,7,1,1
BRF:18
BRH:11
end_of_record
TN:
SF:/home/umairnadeem/Documents/hack reactor/gits/trade-panel/client/src/components/OrderTypes.jsx
FN:5,(anonymous_0)
FN:10,(anonymous_1)
FN:14,(anonymous_2)
FN:18,(anonymous_3)
FN:20,(anonymous_4)
FN:24,(anonymous_5)
FN:26,(anonymous_6)
FN:31,(anonymous_7)
FN:31,(anonymous_8)
FN:33,(anonymous_9)
FNF:10
FNH:6
FNDA:3,(anonymous_0)
FNDA:3,(anonymous_1)
FNDA:0,(anonymous_2)
FNDA:0,(anonymous_3)
FNDA:0,(anonymous_4)
FNDA:9,(anonymous_5)
FNDA:15,(anonymous_6)
FNDA:36,(anonymous_7)
FNDA:3,(anonymous_8)
FNDA:0,(anonymous_9)
DA:6,3
DA:7,3
DA:11,3
DA:15,0
DA:19,0
DA:20,0
DA:25,9
DA:26,15
DA:31,36
DA:32,3
DA:33,3
LF:11
LH:8
BRDA:19,0,0,0
BRDA:19,0,1,0
BRDA:19,1,0,0
BRDA:19,1,1,0
BRDA:31,2,0,9
BRDA:31,2,1,27
BRF:6
BRH:2
end_of_record
TN:
SF:/home/umairnadeem/Documents/hack reactor/gits/trade-panel/client/src/components/Select.jsx
FN:6,(anonymous_0)
FN:18,(anonymous_1)
FN:19,(anonymous_2)
FN:24,(anonymous_3)
FN:28,(anonymous_4)
FN:32,(anonymous_5)
FN:34,(anonymous_6)
FNF:7
FNH:3
FNDA:3,(anonymous_0)
FNDA:0,(anonymous_1)
FNDA:0,(anonymous_2)
FNDA:0,(anonymous_3)
FNDA:0,(anonymous_4)
FNDA:6,(anonymous_5)
FNDA:9,(anonymous_6)
DA:7,3
DA:8,3
DA:13,3
DA:14,3
DA:15,3
DA:19,0
DA:20,0
DA:21,0
DA:25,0
DA:29,0
DA:33,6
DA:34,9
LF:12
LH:7
BRDA:35,0,0,0
BRDA:35,0,1,6
BRF:2
BRH:1
end_of_record
TN:
SF:/home/umairnadeem/Documents/hack reactor/gits/trade-panel/client/src/components/TradePanel.jsx
FN:8,(anonymous_0)
FN:27,(anonymous_1)
FN:31,(anonymous_2)
FN:36,(anonymous_3)
FN:38,(anonymous_4)
FN:39,(anonymous_5)
FN:40,(anonymous_6)
FN:43,(anonymous_7)
FN:44,(anonymous_8)
FN:47,(anonymous_9)
FN:51,(anonymous_10)
FN:64,(anonymous_11)
FN:69,(anonymous_12)
FN:77,(anonymous_13)
FN:83,(anonymous_14)
FNF:15
FNH:13
FNDA:8,(anonymous_0)
FNDA:8,(anonymous_1)
FNDA:0,(anonymous_2)
FNDA:9,(anonymous_3)
FNDA:9,(anonymous_4)
FNDA:9,(anonymous_5)
FNDA:0,(anonymous_6)
FNDA:5,(anonymous_7)
FNDA:5,(anonymous_8)
FNDA:3,(anonymous_9)
FNDA:62,(anonymous_10)
FNDA:1,(anonymous_11)
FNDA:27,(anonymous_12)
FNDA:28,(anonymous_13)
FNDA:62,(anonymous_14)
DA:9,8
DA:11,8
DA:20,8
DA:21,8
DA:22,8
DA:23,8
DA:24,8
DA:28,8
DA:29,8
DA:30,8
DA:31,0
DA:33,8
DA:37,9
DA:38,9
DA:39,9
DA:40,0
DA:44,5
DA:48,3
DA:52,62
DA:53,62
DA:56,25
DA:58,4
DA:60,33
DA:65,1
DA:66,1
DA:70,27
DA:77,28
DA:83,62
LF:28
LH:26
BRDA:29,0,0,0
BRDA:29,0,1,8
BRDA:30,1,0,0
BRDA:30,1,1,8
BRDA:52,2,0,24
BRDA:52,2,1,38
BRDA:53,3,0,21
BRDA:53,3,1,25
BRDA:53,3,2,4
BRDA:53,3,3,33
BRDA:65,4,0,1
BRDA:65,4,1,0
BRDA:76,5,0,10
BRDA:76,5,1,17
BRDA:77,6,0,10
BRDA:77,6,1,17
BRDA:88,7,0,10
BRDA:88,7,1,17
BRF:18
BRH:15
end_of_record
TN:
SF:/home/umairnadeem/Documents/hack reactor/gits/trade-panel/client/src/components/Values.jsx
FN:4,(anonymous_0)
FN:10,(anonymous_1)
FN:14,(anonymous_2)
FN:18,(anonymous_3)
FN:24,(anonymous_4)
FN:26,(anonymous_5)
FN:27,(anonymous_6)
FN:27,(anonymous_7)
FN:27,(anonymous_8)
FNF:9
FNH:0
FNDA:0,(anonymous_0)
FNDA:0,(anonymous_1)
FNDA:0,(anonymous_2)
FNDA:0,(anonymous_3)
FNDA:0,(anonymous_4)
FNDA:0,(anonymous_5)
FNDA:0,(anonymous_6)
FNDA:0,(anonymous_7)
FNDA:0,(anonymous_8)
DA:5,0
DA:7,0
DA:11,0
DA:15,0
DA:19,0
DA:20,0
DA:25,0
DA:26,0
DA:27,0
LF:9
LH:0
BRDA:19,0,0,0
BRDA:19,0,1,0
BRDA:19,1,0,0
BRDA:19,1,1,0
BRDA:27,2,0,0
BRDA:27,2,1,0
BRF:6
BRH:0
end_of_record
TN:
SF:/home/umairnadeem/Documents/hack reactor/gits/trade-panel/client/src/components/orderStructure.jsx
FN:2,(anonymous_0)
FN:9,(anonymous_1)
FNF:2
FNH:2
FNDA:5,(anonymous_0)
FNDA:4,(anonymous_1)
DA:3,5
DA:4,5
DA:10,4
DA:11,4
DA:15,1
DA:16,1
DA:17,1
DA:18,1
DA:19,1
DA:21,1
LF:10
LH:10
BRDA:2,0,0,3
BRF:1
BRH:1
end_of_record
